2021-05-11 21:28:16 INFO  DaoFactory:25 - dao factory
2021-05-11 21:28:16 INFO  DaoFactory:25 - dao factory
2021-05-11 21:28:16 INFO  DaoFactory:25 - dao factory
2021-05-11 21:28:16 INFO  UserServiceImpl:30 - Service looks for all users
2021-05-11 21:28:16 INFO  DaoFactory:25 - dao factory
2021-05-11 21:28:16 INFO  DaoFactory:25 - dao factory
2021-05-11 21:28:16 INFO  UserServiceImpl:24 - The service searches for a user by id
2021-05-11 21:28:16 INFO  DaoFactory:25 - dao factory
2021-05-11 21:29:48 INFO  DaoFactory:25 - dao factory
2021-05-11 21:29:48 INFO  UserServiceImpl:18 - The service creates a user
2021-05-11 21:29:48 INFO  DaoFactory:25 - dao factory
2021-05-11 21:29:48 INFO  DaoFactory:25 - dao factory
2021-05-11 21:29:48 INFO  UserServiceImpl:30 - Service looks for all users
2021-05-11 21:29:48 INFO  DaoFactory:25 - dao factory
2021-05-11 21:29:48 INFO  DaoFactory:25 - dao factory
2021-05-11 21:29:48 INFO  UserServiceImpl:24 - The service searches for a user by id
2021-05-11 21:29:48 INFO  DaoFactory:25 - dao factory
2021-05-11 21:32:10 INFO  DaoFactory:25 - dao factory
2021-05-11 21:32:10 INFO  UserServiceImpl:18 - The service creates a user
2021-05-11 21:32:10 INFO  DaoFactory:25 - dao factory
2021-05-11 21:32:10 INFO  DaoFactory:25 - dao factory
2021-05-11 21:32:10 INFO  UserServiceImpl:30 - Service looks for all users
2021-05-11 21:32:10 INFO  DaoFactory:25 - dao factory
2021-05-11 21:32:10 INFO  DaoFactory:25 - dao factory
2021-05-11 21:32:10 INFO  UserServiceImpl:24 - The service searches for a user by id
2021-05-11 21:32:10 INFO  DaoFactory:25 - dao factory
2021-05-11 21:48:01 INFO  DaoFactory:25 - dao factory
2021-05-11 21:48:01 INFO  UserServiceImpl:18 - The service creates a user
2021-05-11 22:05:46 INFO  DaoFactory:25 - dao factory
2021-05-11 22:05:46 INFO  UserServiceImpl:18 - The service creates a user
2021-05-11 22:05:46 INFO  DaoFactory:25 - dao factory
2021-05-11 22:05:46 INFO  DaoFactory:25 - dao factory
2021-05-11 22:05:46 INFO  UserServiceImpl:30 - Service looks for all users
2021-05-11 22:05:46 INFO  DaoFactory:25 - dao factory
2021-05-11 22:05:46 INFO  DaoFactory:25 - dao factory
2021-05-11 22:05:46 INFO  UserServiceImpl:24 - The service searches for a user by id
2021-05-11 22:05:46 INFO  DaoFactory:25 - dao factory
2021-05-11 22:11:33 INFO  DaoFactory:25 - dao factory
2021-05-11 22:11:33 INFO  UserServiceImpl:36 - The service updates a user
2021-05-11 22:11:58 INFO  DaoFactory:25 - dao factory
2021-05-11 22:11:58 INFO  UserServiceImpl:36 - The service updates a user
2021-05-11 22:12:16 INFO  DaoFactory:25 - dao factory
2021-05-11 22:12:16 INFO  UserServiceImpl:18 - The service creates a user
2021-05-11 22:12:16 INFO  DaoFactory:25 - dao factory
2021-05-11 22:12:16 INFO  DaoFactory:25 - dao factory
2021-05-11 22:12:16 INFO  UserServiceImpl:30 - Service looks for all users
2021-05-11 22:12:16 INFO  DaoFactory:25 - dao factory
2021-05-11 22:12:16 INFO  UserServiceImpl:36 - The service updates a user
2021-05-11 22:12:16 INFO  DaoFactory:25 - dao factory
2021-05-11 22:12:16 INFO  UserServiceImpl:24 - The service searches for a user by id
2021-05-11 22:12:16 INFO  DaoFactory:25 - dao factory
